# JRE version: OpenJDK Runtime Environment (8.0_202-b03) (build 1.8.0_202-release-1483-b03)
# Java VM: OpenJDK 64-Bit Server VM (25.202-b03 mixed mode windows-amd64 compressed oops)
Heap:
 PSYoungGen      total 32768K, used 19964K [0x00000000e0000000, 0x00000000e2500000, 0x0000000100000000)
  eden space 27648K, 59% used [0x00000000e0000000,0x00000000e101b470,0x00000000e1b00000)
  from space 5120K, 67% used [0x00000000e2000000,0x00000000e2363e90,0x00000000e2500000)
  to   space 5120K, 0% used [0x00000000e1b00000,0x00000000e1b00000,0x00000000e2000000)
 ParOldGen       total 36864K, used 17106K [0x00000000a0000000, 0x00000000a2400000, 0x00000000e0000000)
  object space 36864K, 46% used [0x00000000a0000000,0x00000000a10b4bf0,0x00000000a2400000)
 Metaspace       used 43119K, capacity 44036K, committed 44504K, reserved 1087488K
  class space    used 5826K, capacity 6034K, committed 6104K, reserved 1048576K
GC Heap History (10 events):
Event: 61.118 GC heap before
{Heap before GC invocations=24 (full 1):
 PSYoungGen      total 21504K, used 5640K [0x00000000e0000000, 0x00000000e1a00000, 0x0000000100000000)
  eden space 16384K, 12% used [0x00000000e0000000,0x00000000e0205318,0x00000000e1000000)
  from space 5120K, 69% used [0x00000000e1500000,0x00000000e187cdf0,0x00000000e1a00000)
  to   space 5120K, 0% used [0x00000000e1000000,0x00000000e1000000,0x00000000e1500000)
 ParOldGen       total 26624K, used 13793K [0x00000000a0000000, 0x00000000a1a00000, 0x00000000e0000000)
  object space 26624K, 51% used [0x00000000a0000000,0x00000000a0d785e0,0x00000000a1a00000)
 Metaspace       used 34542K, capacity 35262K, committed 35416K, reserved 1079296K
  class space    used 4755K, capacity 4936K, committed 4952K, reserved 1048576K
Event: 61.136 GC heap after
Heap after GC invocations=24 (full 1):
 PSYoungGen      total 21504K, used 2002K [0x00000000e0000000, 0x00000000e2000000, 0x0000000100000000)
  eden space 16384K, 0% used [0x00000000e0000000,0x00000000e0000000,0x00000000e1000000)
  from space 5120K, 39% used [0x00000000e1000000,0x00000000e11f4a80,0x00000000e1500000)
  to   space 5120K, 0% used [0x00000000e1b00000,0x00000000e1b00000,0x00000000e2000000)
 ParOldGen       total 26624K, used 15143K [0x00000000a0000000, 0x00000000a1a00000, 0x00000000e0000000)
  object space 26624K, 56% used [0x00000000a0000000,0x00000000a0ec9e60,0x00000000a1a00000)
 Metaspace       used 34542K, capacity 35262K, committed 35416K, reserved 1079296K
  class space    used 4755K, capacity 4936K, committed 4952K, reserved 1048576K
}
Event: 61.136 GC heap before
{Heap before GC invocations=25 (full 2):
 PSYoungGen      total 21504K, used 2002K [0x00000000e0000000, 0x00000000e2000000, 0x0000000100000000)
  eden space 16384K, 0% used [0x00000000e0000000,0x00000000e0000000,0x00000000e1000000)
  from space 5120K, 39% used [0x00000000e1000000,0x00000000e11f4a80,0x00000000e1500000)
  to   space 5120K, 0% used [0x00000000e1b00000,0x00000000e1b00000,0x00000000e2000000)
 ParOldGen       total 26624K, used 15143K [0x00000000a0000000, 0x00000000a1a00000, 0x00000000e0000000)
  object space 26624K, 56% used [0x00000000a0000000,0x00000000a0ec9e60,0x00000000a1a00000)
 Metaspace       used 34542K, capacity 35262K, committed 35416K, reserved 1079296K
  class space    used 4755K, capacity 4936K, committed 4952K, reserved 1048576K
Event: 61.281 GC heap after
Heap after GC invocations=25 (full 2):
 PSYoungGen      total 21504K, used 0K [0x00000000e0000000, 0x00000000e2000000, 0x0000000100000000)
  eden space 16384K, 0% used [0x00000000e0000000,0x00000000e0000000,0x00000000e1000000)
  from space 5120K, 0% used [0x00000000e1000000,0x00000000e1000000,0x00000000e1500000)
  to   space 5120K, 0% used [0x00000000e1b00000,0x00000000e1b00000,0x00000000e2000000)
 ParOldGen       total 36864K, used 15541K [0x00000000a0000000, 0x00000000a2400000, 0x00000000e0000000)
  object space 36864K, 42% used [0x00000000a0000000,0x00000000a0f2d790,0x00000000a2400000)
 Metaspace       used 34537K, capacity 35244K, committed 35416K, reserved 1079296K
  class space    used 4754K, capacity 4933K, committed 4952K, reserved 1048576K
}
Event: 63.819 GC heap before
{Heap before GC invocations=26 (full 2):
 PSYoungGen      total 21504K, used 16384K [0x00000000e0000000, 0x00000000e2000000, 0x0000000100000000)
  eden space 16384K, 100% used [0x00000000e0000000,0x00000000e1000000,0x00000000e1000000)
  from space 5120K, 0% used [0x00000000e1000000,0x00000000e1000000,0x00000000e1500000)
  to   space 5120K, 0% used [0x00000000e1b00000,0x00000000e1b00000,0x00000000e2000000)
 ParOldGen       total 36864K, used 15541K [0x00000000a0000000, 0x00000000a2400000, 0x00000000e0000000)
  object space 36864K, 42% used [0x00000000a0000000,0x00000000a0f2d790,0x00000000a2400000)
 Metaspace       used 37548K, capacity 38366K, committed 38744K, reserved 1083392K
  class space    used 5157K, capacity 5355K, committed 5464K, reserved 1048576K
Event: 63.831 GC heap after
Heap after GC invocations=26 (full 2):
 PSYoungGen      total 25600K, used 2535K [0x00000000e0000000, 0x00000000e1e80000, 0x0000000100000000)
  eden space 22016K, 0% used [0x00000000e0000000,0x00000000e0000000,0x00000000e1580000)
  from space 3584K, 70% used [0x00000000e1b00000,0x00000000e1d79d70,0x00000000e1e80000)
  to   space 4608K, 0% used [0x00000000e1580000,0x00000000e1580000,0x00000000e1a00000)
 ParOldGen       total 36864K, used 15549K [0x00000000a0000000, 0x00000000a2400000, 0x00000000e0000000)
  object space 36864K, 42% used [0x00000000a0000000,0x00000000a0f2f790,0x00000000a2400000)
 Metaspace       used 37548K, capacity 38366K, committed 38744K, reserved 1083392K
  class space    used 5157K, capacity 5355K, committed 5464K, reserved 1048576K
}
Event: 67.051 GC heap before
{Heap before GC invocations=27 (full 2):
 PSYoungGen      total 25600K, used 24551K [0x00000000e0000000, 0x00000000e1e80000, 0x0000000100000000)
  eden space 22016K, 100% used [0x00000000e0000000,0x00000000e1580000,0x00000000e1580000)
  from space 3584K, 70% used [0x00000000e1b00000,0x00000000e1d79d70,0x00000000e1e80000)
  to   space 4608K, 0% used [0x00000000e1580000,0x00000000e1580000,0x00000000e1a00000)
 ParOldGen       total 36864K, used 15549K [0x00000000a0000000, 0x00000000a2400000, 0x00000000e0000000)
  object space 36864K, 42% used [0x00000000a0000000,0x00000000a0f2f790,0x00000000a2400000)
 Metaspace       used 40445K, capacity 41264K, committed 41560K, reserved 1085440K
  class space    used 5461K, capacity 5658K, committed 5720K, reserved 1048576K
Event: 67.069 GC heap after
Heap after GC invocations=27 (full 2):
 PSYoungGen      total 26624K, used 3470K [0x00000000e0000000, 0x00000000e2500000, 0x0000000100000000)
  eden space 22016K, 0% used [0x00000000e0000000,0x00000000e0000000,0x00000000e1580000)
  from space 4608K, 75% used [0x00000000e1580000,0x00000000e18e3900,0x00000000e1a00000)
  to   space 5120K, 0% used [0x00000000e2000000,0x00000000e2000000,0x00000000e2500000)
 ParOldGen       total 36864K, used 16381K [0x00000000a0000000, 0x00000000a2400000, 0x00000000e0000000)
  object space 36864K, 44% used [0x00000000a0000000,0x00000000a0fff7a0,0x00000000a2400000)
 Metaspace       used 40445K, capacity 41264K, committed 41560K, reserved 1085440K
  class space    used 5461K, capacity 5658K, committed 5720K, reserved 1048576K
}
Event: 68.552 GC heap before
{Heap before GC invocations=28 (full 2):
 PSYoungGen      total 26624K, used 25338K [0x00000000e0000000, 0x00000000e2500000, 0x0000000100000000)
  eden space 22016K, 99% used [0x00000000e0000000,0x00000000e155b1e8,0x00000000e1580000)
  from space 4608K, 75% used [0x00000000e1580000,0x00000000e18e3900,0x00000000e1a00000)
  to   space 5120K, 0% used [0x00000000e2000000,0x00000000e2000000,0x00000000e2500000)
 ParOldGen       total 36864K, used 16381K [0x00000000a0000000, 0x00000000a2400000, 0x00000000e0000000)
  object space 36864K, 44% used [0x00000000a0000000,0x00000000a0fff7a0,0x00000000a2400000)
 Metaspace       used 42289K, capacity 43160K, committed 43352K, reserved 1087488K
  class space    used 5714K, capacity 5936K, committed 5976K, reserved 1048576K
Event: 68.566 GC heap after
Heap after GC invocations=28 (full 2):
 PSYoungGen      total 32768K, used 3471K [0x00000000e0000000, 0x00000000e2500000, 0x0000000100000000)
  eden space 27648K, 0% used [0x00000000e0000000,0x00000000e0000000,0x00000000e1b00000)
  from space 5120K, 67% used [0x00000000e2000000,0x00000000e2363e90,0x00000000e2500000)
  to   space 5120K, 0% used [0x00000000e1b00000,0x00000000e1b00000,0x00000000e2000000)
 ParOldGen       total 36864K, used 17106K [0x00000000a0000000, 0x00000000a2400000, 0x00000000e0000000)
  object space 36864K, 46% used [0x00000000a0000000,0x00000000a10b4bf0,0x00000000a2400000)
 Metaspace       used 42289K, capacity 43160K, committed 43352K, reserved 1087488K
  class space    used 5714K, capacity 5936K, committed 5976K, reserved 1048576K
}

