# JRE version: OpenJDK Runtime Environment (8.0_202-b03) (build 1.8.0_202-release-1483-b03)
# Java VM: OpenJDK 64-Bit Server VM (25.202-b03 mixed mode windows-amd64 compressed oops)
Heap:
 PSYoungGen      total 68608K, used 16652K [0x00000000e0000000, 0x00000000e5c80000, 0x0000000100000000)
  eden space 60928K, 14% used [0x00000000e0000000,0x00000000e08c3638,0x00000000e3b80000)
  from space 7680K, 99% used [0x00000000e3b80000,0x00000000e42ffaa0,0x00000000e4300000)
  to   space 8704K, 0% used [0x00000000e5400000,0x00000000e5400000,0x00000000e5c80000)
 ParOldGen       total 39424K, used 13347K [0x00000000a0000000, 0x00000000a2680000, 0x00000000e0000000)
  object space 39424K, 33% used [0x00000000a0000000,0x00000000a0d08cf8,0x00000000a2680000)
 Metaspace       used 29888K, capacity 30356K, committed 30592K, reserved 1075200K
  class space    used 4055K, capacity 4211K, committed 4224K, reserved 1048576K
GC Heap History (10 events):
Event: 18.622 GC heap before
{Heap before GC invocations=6 (full 0):
 PSYoungGen      total 34304K, used 34272K [0x00000000e0000000, 0x00000000e2f00000, 0x0000000100000000)
  eden space 31744K, 100% used [0x00000000e0000000,0x00000000e1f00000,0x00000000e1f00000)
  from space 2560K, 98% used [0x00000000e2000000,0x00000000e2278020,0x00000000e2280000)
  to   space 8192K, 0% used [0x00000000e2700000,0x00000000e2700000,0x00000000e2f00000)
 ParOldGen       total 44032K, used 10097K [0x00000000a0000000, 0x00000000a2b00000, 0x00000000e0000000)
  object space 44032K, 22% used [0x00000000a0000000,0x00000000a09dc478,0x00000000a2b00000)
 Metaspace       used 19012K, capacity 19420K, committed 19584K, reserved 1067008K
  class space    used 2760K, capacity 2902K, committed 2944K, reserved 1048576K
Event: 18.640 GC heap after
Heap after GC invocations=6 (full 0):
 PSYoungGen      total 39936K, used 6064K [0x00000000e0000000, 0x00000000e4e00000, 0x0000000100000000)
  eden space 31744K, 0% used [0x00000000e0000000,0x00000000e0000000,0x00000000e1f00000)
  from space 8192K, 74% used [0x00000000e2700000,0x00000000e2cec2e0,0x00000000e2f00000)
  to   space 8192K, 0% used [0x00000000e1f00000,0x00000000e1f00000,0x00000000e2700000)
 ParOldGen       total 44032K, used 10105K [0x00000000a0000000, 0x00000000a2b00000, 0x00000000e0000000)
  object space 44032K, 22% used [0x00000000a0000000,0x00000000a09de478,0x00000000a2b00000)
 Metaspace       used 19012K, capacity 19420K, committed 19584K, reserved 1067008K
  class space    used 2760K, capacity 2902K, committed 2944K, reserved 1048576K
}
Event: 19.079 GC heap before
{Heap before GC invocations=7 (full 0):
 PSYoungGen      total 39936K, used 17497K [0x00000000e0000000, 0x00000000e4e00000, 0x0000000100000000)
  eden space 31744K, 36% used [0x00000000e0000000,0x00000000e0b2a2b0,0x00000000e1f00000)
  from space 8192K, 74% used [0x00000000e2700000,0x00000000e2cec2e0,0x00000000e2f00000)
  to   space 8192K, 0% used [0x00000000e1f00000,0x00000000e1f00000,0x00000000e2700000)
 ParOldGen       total 44032K, used 10105K [0x00000000a0000000, 0x00000000a2b00000, 0x00000000e0000000)
  object space 44032K, 22% used [0x00000000a0000000,0x00000000a09de478,0x00000000a2b00000)
 Metaspace       used 20789K, capacity 21116K, committed 21248K, reserved 1067008K
  class space    used 2918K, capacity 3062K, committed 3072K, reserved 1048576K
Event: 19.090 GC heap after
Heap after GC invocations=7 (full 0):
 PSYoungGen      total 39936K, used 4921K [0x00000000e0000000, 0x00000000e4e00000, 0x0000000100000000)
  eden space 31744K, 0% used [0x00000000e0000000,0x00000000e0000000,0x00000000e1f00000)
  from space 8192K, 60% used [0x00000000e1f00000,0x00000000e23ce520,0x00000000e2700000)
  to   space 8192K, 0% used [0x00000000e4600000,0x00000000e4600000,0x00000000e4e00000)
 ParOldGen       total 44032K, used 10649K [0x00000000a0000000, 0x00000000a2b00000, 0x00000000e0000000)
  object space 44032K, 24% used [0x00000000a0000000,0x00000000a0a664b8,0x00000000a2b00000)
 Metaspace       used 20789K, capacity 21116K, committed 21248K, reserved 1067008K
  class space    used 2918K, capacity 3062K, committed 3072K, reserved 1048576K
}
Event: 19.090 GC heap before
{Heap before GC invocations=8 (full 1):
 PSYoungGen      total 39936K, used 4921K [0x00000000e0000000, 0x00000000e4e00000, 0x0000000100000000)
  eden space 31744K, 0% used [0x00000000e0000000,0x00000000e0000000,0x00000000e1f00000)
  from space 8192K, 60% used [0x00000000e1f00000,0x00000000e23ce520,0x00000000e2700000)
  to   space 8192K, 0% used [0x00000000e4600000,0x00000000e4600000,0x00000000e4e00000)
 ParOldGen       total 44032K, used 10649K [0x00000000a0000000, 0x00000000a2b00000, 0x00000000e0000000)
  object space 44032K, 24% used [0x00000000a0000000,0x00000000a0a664b8,0x00000000a2b00000)
 Metaspace       used 20789K, capacity 21116K, committed 21248K, reserved 1067008K
  class space    used 2918K, capacity 3062K, committed 3072K, reserved 1048576K
Event: 19.186 GC heap after
Heap after GC invocations=8 (full 1):
 PSYoungGen      total 39936K, used 0K [0x00000000e0000000, 0x00000000e4e00000, 0x0000000100000000)
  eden space 31744K, 0% used [0x00000000e0000000,0x00000000e0000000,0x00000000e1f00000)
  from space 8192K, 0% used [0x00000000e1f00000,0x00000000e1f00000,0x00000000e2700000)
  to   space 8192K, 0% used [0x00000000e4600000,0x00000000e4600000,0x00000000e4e00000)
 ParOldGen       total 39424K, used 13175K [0x00000000a0000000, 0x00000000a2680000, 0x00000000e0000000)
  object space 39424K, 33% used [0x00000000a0000000,0x00000000a0cddc68,0x00000000a2680000)
 Metaspace       used 20789K, capacity 21116K, committed 21248K, reserved 1067008K
  class space    used 2918K, capacity 3062K, committed 3072K, reserved 1048576K
}
Event: 20.245 GC heap before
{Heap before GC invocations=9 (full 1):
 PSYoungGen      total 39936K, used 31744K [0x00000000e0000000, 0x00000000e4e00000, 0x0000000100000000)
  eden space 31744K, 100% used [0x00000000e0000000,0x00000000e1f00000,0x00000000e1f00000)
  from space 8192K, 0% used [0x00000000e1f00000,0x00000000e1f00000,0x00000000e2700000)
  to   space 8192K, 0% used [0x00000000e4600000,0x00000000e4600000,0x00000000e4e00000)
 ParOldGen       total 39424K, used 13175K [0x00000000a0000000, 0x00000000a2680000, 0x00000000e0000000)
  object space 39424K, 33% used [0x00000000a0000000,0x00000000a0cddc68,0x00000000a2680000)
 Metaspace       used 25727K, capacity 26222K, committed 26496K, reserved 1073152K
  class space    used 3463K, capacity 3648K, committed 3712K, reserved 1048576K
Event: 20.254 GC heap after
Heap after GC invocations=9 (full 1):
 PSYoungGen      total 58880K, used 4376K [0x00000000e0000000, 0x00000000e4a80000, 0x0000000100000000)
  eden space 54272K, 0% used [0x00000000e0000000,0x00000000e0000000,0x00000000e3500000)
  from space 4608K, 94% used [0x00000000e4600000,0x00000000e4a46008,0x00000000e4a80000)
  to   space 7680K, 0% used [0x00000000e3b80000,0x00000000e3b80000,0x00000000e4300000)
 ParOldGen       total 39424K, used 13183K [0x00000000a0000000, 0x00000000a2680000, 0x00000000e0000000)
  object space 39424K, 33% used [0x00000000a0000000,0x00000000a0cdfc68,0x00000000a2680000)
 Metaspace       used 25727K, capacity 26222K, committed 26496K, reserved 1073152K
  class space    used 3463K, capacity 3648K, committed 3712K, reserved 1048576K
}
Event: 21.730 GC heap before
{Heap before GC invocations=10 (full 1):
 PSYoungGen      total 58880K, used 58648K [0x00000000e0000000, 0x00000000e4a80000, 0x0000000100000000)
  eden space 54272K, 100% used [0x00000000e0000000,0x00000000e3500000,0x00000000e3500000)
  from space 4608K, 94% used [0x00000000e4600000,0x00000000e4a46008,0x00000000e4a80000)
  to   space 7680K, 0% used [0x00000000e3b80000,0x00000000e3b80000,0x00000000e4300000)
 ParOldGen       total 39424K, used 13183K [0x00000000a0000000, 0x00000000a2680000, 0x00000000e0000000)
  object space 39424K, 33% used [0x00000000a0000000,0x00000000a0cdfc68,0x00000000a2680000)
 Metaspace       used 29467K, capacity 29906K, committed 30336K, reserved 1075200K
  class space    used 3983K, capacity 4145K, committed 4224K, reserved 1048576K
Event: 21.743 GC heap after
Heap after GC invocations=10 (full 1):
 PSYoungGen      total 68608K, used 7678K [0x00000000e0000000, 0x00000000e5c80000, 0x0000000100000000)
  eden space 60928K, 0% used [0x00000000e0000000,0x00000000e0000000,0x00000000e3b80000)
  from space 7680K, 99% used [0x00000000e3b80000,0x00000000e42ffaa0,0x00000000e4300000)
  to   space 8704K, 0% used [0x00000000e5400000,0x00000000e5400000,0x00000000e5c80000)
 ParOldGen       total 39424K, used 13347K [0x00000000a0000000, 0x00000000a2680000, 0x00000000e0000000)
  object space 39424K, 33% used [0x00000000a0000000,0x00000000a0d08cf8,0x00000000a2680000)
 Metaspace       used 29467K, capacity 29906K, committed 30336K, reserved 1075200K
  class space    used 3983K, capacity 4145K, committed 4224K, reserved 1048576K
}

